  CollisionHandler.cpp
C:\Users\Zephyner\Documents\GitHub\game-engines5\GameEngine\GameEngine\GameEngine\Engine\Math\CollisionDetection.h(6,18): warning C4099: 'BoundingBox': type name first seen using 'struct' now seen using 'class'
C:\Users\Zephyner\Documents\GitHub\game-engines5\GameEngine\GameEngine\GameEngine\Engine\Math\BoundingBox.h(6): message : see declaration of 'BoundingBox'
C:\Users\Zephyner\Documents\GitHub\game-engines5\GameEngine\GameEngine\GameEngine\Engine\Math\Ray.h(7,1): warning C4099: 'Ray': type name first seen using 'class' now seen using 'struct'
C:\Users\Zephyner\Documents\GitHub\game-engines5\GameEngine\GameEngine\GameEngine\Engine\Math\Ray.h(6): message : see declaration of 'Ray'
  CollisionDetection.cpp
C:\Users\Zephyner\Documents\GitHub\game-engines5\GameEngine\GameEngine\GameEngine\Engine\Math\BoundingBox.h(6,20): warning C4099: 'BoundingBox': type name first seen using 'class' now seen using 'struct'
C:\Users\Zephyner\Documents\GitHub\game-engines5\GameEngine\GameEngine\GameEngine\Engine\Math\BoundingBox.h(6): message : see declaration of 'BoundingBox'
C:\Users\Zephyner\Documents\GitHub\game-engines5\GameEngine\GameEngine\GameEngine\Engine\Math\Ray.h(7,1): warning C4099: 'Ray': type name first seen using 'class' now seen using 'struct'
C:\Users\Zephyner\Documents\GitHub\game-engines5\GameEngine\GameEngine\GameEngine\Engine\Math\Ray.h(6): message : see declaration of 'Ray'
  Camera.cpp
C:\Users\Zephyner\Documents\GitHub\game-engines5\GameEngine\GameEngine\GameEngine\Engine\Math\CollisionDetection.h(6,18): warning C4099: 'BoundingBox': type name first seen using 'struct' now seen using 'class'
C:\Users\Zephyner\Documents\GitHub\game-engines5\GameEngine\GameEngine\GameEngine\Engine\Math\BoundingBox.h(6): message : see declaration of 'BoundingBox'
C:\Users\Zephyner\Documents\GitHub\game-engines5\GameEngine\GameEngine\GameEngine\Engine\Math\Ray.h(7,1): warning C4099: 'Ray': type name first seen using 'class' now seen using 'struct'
C:\Users\Zephyner\Documents\GitHub\game-engines5\GameEngine\GameEngine\GameEngine\Engine\Math\Ray.h(6): message : see declaration of 'Ray'
  CoreEngine.cpp
C:\Users\Zephyner\Documents\GitHub\game-engines5\GameEngine\GameEngine\GameEngine\Engine\Math\CollisionDetection.h(6,18): warning C4099: 'BoundingBox': type name first seen using 'struct' now seen using 'class'
C:\Users\Zephyner\Documents\GitHub\game-engines5\GameEngine\GameEngine\GameEngine\Engine\Math\BoundingBox.h(6): message : see declaration of 'BoundingBox'
C:\Users\Zephyner\Documents\GitHub\game-engines5\GameEngine\GameEngine\GameEngine\Engine\Math\Ray.h(7,1): warning C4099: 'Ray': type name first seen using 'class' now seen using 'struct'
C:\Users\Zephyner\Documents\GitHub\game-engines5\GameEngine\GameEngine\GameEngine\Engine\Math\Ray.h(6): message : see declaration of 'Ray'
C:\Users\Zephyner\Documents\GitHub\game-engines5\GameEngine\GameEngine\GameEngine\Engine\Core\CoreEngine.cpp(10,11): warning C4244: '=': conversion from 'float' to 'unsigned int', possible loss of data
C:\Users\Zephyner\Documents\GitHub\game-engines5\GameEngine\GameEngine\GameEngine\Engine\Core\CoreEngine.cpp(135,15): warning C4101: 'renderer': unreferenced local variable
  EventListener.cpp
C:\Users\Zephyner\Documents\GitHub\game-engines5\GameEngine\GameEngine\GameEngine\Engine\Math\CollisionDetection.h(6,18): warning C4099: 'BoundingBox': type name first seen using 'struct' now seen using 'class'
C:\Users\Zephyner\Documents\GitHub\game-engines5\GameEngine\GameEngine\GameEngine\Engine\Math\BoundingBox.h(6): message : see declaration of 'BoundingBox'
C:\Users\Zephyner\Documents\GitHub\game-engines5\GameEngine\GameEngine\GameEngine\Engine\Math\Ray.h(7,1): warning C4099: 'Ray': type name first seen using 'class' now seen using 'struct'
C:\Users\Zephyner\Documents\GitHub\game-engines5\GameEngine\GameEngine\GameEngine\Engine\Math\Ray.h(6): message : see declaration of 'Ray'
  GameScene.cpp
C:\Users\Zephyner\Documents\GitHub\game-engines5\GameEngine\GameEngine\GameEngine\Engine\Math\CollisionDetection.h(6,18): warning C4099: 'BoundingBox': type name first seen using 'struct' now seen using 'class'
C:\Users\Zephyner\Documents\GitHub\game-engines5\GameEngine\GameEngine\GameEngine\Engine\Math\BoundingBox.h(6): message : see declaration of 'BoundingBox'
C:\Users\Zephyner\Documents\GitHub\game-engines5\GameEngine\GameEngine\GameEngine\Engine\Math\Ray.h(7,1): warning C4099: 'Ray': type name first seen using 'class' now seen using 'struct'
C:\Users\Zephyner\Documents\GitHub\game-engines5\GameEngine\GameEngine\GameEngine\Engine\Math\Ray.h(6): message : see declaration of 'Ray'
  Game1.cpp
C:\Users\Zephyner\Documents\GitHub\game-engines5\GameEngine\GameEngine\GameEngine\Engine\Math\CollisionDetection.h(6,18): warning C4099: 'BoundingBox': type name first seen using 'struct' now seen using 'class'
C:\Users\Zephyner\Documents\GitHub\game-engines5\GameEngine\GameEngine\GameEngine\Engine\Math\BoundingBox.h(6): message : see declaration of 'BoundingBox'
C:\Users\Zephyner\Documents\GitHub\game-engines5\GameEngine\GameEngine\GameEngine\Engine\Math\Ray.h(7,1): warning C4099: 'Ray': type name first seen using 'class' now seen using 'struct'
C:\Users\Zephyner\Documents\GitHub\game-engines5\GameEngine\GameEngine\GameEngine\Engine\Math\Ray.h(6): message : see declaration of 'Ray'
  Main.cpp
C:\Users\Zephyner\Documents\GitHub\game-engines5\GameEngine\GameEngine\GameEngine\Engine\Math\CollisionDetection.h(6,18): warning C4099: 'BoundingBox': type name first seen using 'struct' now seen using 'class'
C:\Users\Zephyner\Documents\GitHub\game-engines5\GameEngine\GameEngine\GameEngine\Engine\Math\BoundingBox.h(6): message : see declaration of 'BoundingBox'
C:\Users\Zephyner\Documents\GitHub\game-engines5\GameEngine\GameEngine\GameEngine\Engine\Math\Ray.h(7,1): warning C4099: 'Ray': type name first seen using 'class' now seen using 'struct'
C:\Users\Zephyner\Documents\GitHub\game-engines5\GameEngine\GameEngine\GameEngine\Engine\Math\Ray.h(6): message : see declaration of 'Ray'
  Window.cpp
  StartScene.cpp
C:\Users\Zephyner\Documents\GitHub\game-engines5\GameEngine\GameEngine\GameEngine\Engine\Math\CollisionDetection.h(6,18): warning C4099: 'BoundingBox': type name first seen using 'struct' now seen using 'class'
C:\Users\Zephyner\Documents\GitHub\game-engines5\GameEngine\GameEngine\GameEngine\Engine\Math\BoundingBox.h(6): message : see declaration of 'BoundingBox'
C:\Users\Zephyner\Documents\GitHub\game-engines5\GameEngine\GameEngine\GameEngine\Engine\Math\Ray.h(7,1): warning C4099: 'Ray': type name first seen using 'class' now seen using 'struct'
C:\Users\Zephyner\Documents\GitHub\game-engines5\GameEngine\GameEngine\GameEngine\Engine\Math\Ray.h(6): message : see declaration of 'Ray'
  MouseEventListener.cpp
C:\Users\Zephyner\Documents\GitHub\game-engines5\GameEngine\GameEngine\GameEngine\Engine\Math\CollisionDetection.h(6,18): warning C4099: 'BoundingBox': type name first seen using 'struct' now seen using 'class'
C:\Users\Zephyner\Documents\GitHub\game-engines5\GameEngine\GameEngine\GameEngine\Engine\Math\BoundingBox.h(6): message : see declaration of 'BoundingBox'
C:\Users\Zephyner\Documents\GitHub\game-engines5\GameEngine\GameEngine\GameEngine\Engine\Math\Ray.h(7,1): warning C4099: 'Ray': type name first seen using 'class' now seen using 'struct'
C:\Users\Zephyner\Documents\GitHub\game-engines5\GameEngine\GameEngine\GameEngine\Engine\Math\Ray.h(6): message : see declaration of 'Ray'
C:\Users\Zephyner\Documents\GitHub\game-engines5\GameEngine\GameEngine\GameEngine\Engine\Event\MouseEventListener.cpp(86,44): warning C4244: '=': conversion from 'T' to 'int', possible loss of data
          with
          [
              T=float
          ]
C:\Users\Zephyner\Documents\GitHub\game-engines5\GameEngine\GameEngine\GameEngine\Engine\Event\MouseEventListener.cpp(89,27): warning C4244: '=': conversion from 'int' to 'T', possible loss of data
          with
          [
              T=float
          ]
C:\Users\Zephyner\Documents\GitHub\game-engines5\GameEngine\GameEngine\GameEngine\Engine\Event\MouseEventListener.cpp(90,27): warning C4244: '=': conversion from 'int' to 'T', possible loss of data
          with
          [
              T=float
          ]
C:\Users\Zephyner\Documents\GitHub\game-engines5\GameEngine\GameEngine\GameEngine\Engine\Event\MouseEventListener.cpp(97,13): warning C4244: '=': conversion from 'int' to 'T', possible loss of data
          with
          [
              T=float
          ]
C:\Users\Zephyner\Documents\GitHub\game-engines5\GameEngine\GameEngine\GameEngine\Engine\Event\MouseEventListener.cpp(98,13): warning C4244: '=': conversion from 'int' to 'T', possible loss of data
          with
          [
              T=float
          ]
  Generating Code...
  GameEngine.vcxproj -> C:\Users\Zephyner\Documents\GitHub\game-engines5\GameEngine\GameEngine\Debug\GameEngine.exe
